<?xml version="1.0" encoding="UTF-8"?>
<testng-results ignored="0" total="1" passed="1" failed="0" skipped="0">
  <reporter-output>
  </reporter-output>
  <suite started-at="2023-06-30T06:02:47 NZST" name="Default suite" finished-at="2023-06-30T06:03:02 NZST" duration-ms="14975">
    <groups>
    </groups>
    <test started-at="2023-06-30T06:02:47 NZST" name="Default test" finished-at="2023-06-30T06:03:02 NZST" duration-ms="14975">
      <class name="TestNGPackage.NewTestNG">
        <test-method signature="f()[pri:0, instance:TestNGPackage.NewTestNG@49049a04]" started-at="2023-06-30T06:02:47 NZST" name="f" finished-at="2023-06-30T06:03:02 NZST" duration-ms="14899" status="PASS">
          <reporter-output>
          </reporter-output>
        </test-method> <!-- f -->
      </class> <!-- TestNGPackage.NewTestNG -->
    </test> <!-- Default test -->
  </suite> <!-- Default suite -->
</testng-results>
